
Fetching all curiosities from database
Found 16 curiosities
Fetching all curiosities from database
Found 16 curiosities
C:\Projects\Python\mywebsite\myapp\urls.py changed, reloading.
Watching for file changes with StatReloader
C:\Projects\Python\mywebsite\myapp\urls.py changed, reloading.
Watching for file changes with StatReloader
Fetching  an item with id 3
Curiosity found: ¯ubry
Fetching all curiosities from database
Found 16 curiosities
Fetching  an item with id 2
Curiosity found: Karasie
Fetching all curiosities from database
Found 16 curiosities
Fetching  an item with id 8
Curiosity found: Krety
Fetching all curiosities from database
Found 16 curiosities
Fetching  an item with id 100
Error fetching curiosity with id 100: No Curiosity matches the given query.
Not Found: /myapp/100/
C:\Projects\Python\mywebsite\myapp\views.py changed, reloading.
Watching for file changes with StatReloader
C:\Projects\Python\mywebsite\myapp\views.py changed, reloading.
Watching for file changes with StatReloader
C:\Projects\Python\mywebsite\myapp\views.py changed, reloading.
Watching for file changes with StatReloader
C:\Projects\Python\mywebsite\myapp\views.py changed, reloading.
Watching for file changes with StatReloader
C:\Projects\Python\mywebsite\myapp\views.py changed, reloading.
Watching for file changes with StatReloader
C:\Projects\Python\mywebsite\myapp\views.py changed, reloading.
Watching for file changes with StatReloader
Fetching  an item with id 100
Error fetching curiosity with id 100: No Curiosity matches the given query.
Not Found: /myapp/100/
Fetching all curiosities from database
User [2025-10-06T15:17:08.354825+00:00] Admin requested curiosties list from 127.0.0.1
Found 16 curiosities
Fetching all curiosities from database
User [2025-10-06T15:17:08.629039+00:00] Admin requested curiosties list from 127.0.0.1
Found 16 curiosities
C:\Projects\Python\mywebsite\myapp\views.py changed, reloading.
Watching for file changes with StatReloader
C:\Projects\Python\mywebsite\myapp\views.py changed, reloading.
Watching for file changes with StatReloader
Fetching all curiosities from database
User [2025-10-06T15:19:40.019622+00:00] Admin requested curiosties list from 127.0.0.1
Found 16 curiosities
Fetching a curiosity with id 2
User [2025-10-06T15:19:40.991262+00:00] Admin requested curiosity with id 2
Curiosity found: Karasie
Watching for file changes with StatReloader
Not Found: /
Not Found: /favicon.ico
Fetching all curiosities from database
User [2025-10-07T07:50:36.481390+00:00] Admin requested curiosties list from 127.0.0.1
Found 16 curiosities
Fetching all curiosities from database
User [2025-10-07T07:50:42.298604+00:00] Admin requested curiosties list from 127.0.0.1
Found 16 curiosities
Fetching all curiosities from database
User [2025-10-07T07:50:51.058004+00:00] Admin requested curiosties list from 127.0.0.1
Found 16 curiosities
Fetching all curiosities from database
User [2025-10-07T07:51:39.803356+00:00] Admin requested curiosties list from 127.0.0.1
Found 16 curiosities
Fetching all curiosities from database
User [2025-10-07T07:52:09.322566+00:00] Admin requested curiosties list from 127.0.0.1
Found 16 curiosities
Fetching a curiosity with id 13
User [2025-10-07T07:52:10.109553+00:00] Admin requested curiosity with id 13
Curiosity found: Sowa
Fetching all curiosities from database
User [2025-10-07T07:52:36.582058+00:00] Admin requested curiosties list from 127.0.0.1
Found 16 curiosities
Fetching a curiosity with id 10
User [2025-10-07T07:53:11.264754+00:00] Admin requested curiosity with id 10
Curiosity found: S³oñ
Fetching a curiosity with id 8
User [2025-10-07T07:53:20.616158+00:00] Admin requested curiosity with id 8
Curiosity found: Krety
Fetching a curiosity with id 10
User [2025-10-07T07:53:23.192258+00:00] Admin requested curiosity with id 10
Curiosity found: S³oñ
Fetching a curiosity with id 15
User [2025-10-07T07:53:33.936122+00:00] Admin requested curiosity with id 15
Curiosity found: Bocian
Fetching all curiosities from database
User [2025-10-07T07:53:41.032937+00:00] Admin requested curiosties list from 127.0.0.1
Found 16 curiosities
Fetching all curiosities from database
User [2025-10-07T07:53:43.320341+00:00] Admin requested curiosties list from 127.0.0.1
Found 16 curiosities
Fetching all curiosities from database
User [2025-10-07T07:53:44.913471+00:00] Admin requested curiosties list from 127.0.0.1
Found 16 curiosities
Fetching all curiosities from database
User [2025-10-07T07:53:46.784366+00:00] Admin requested curiosties list from 127.0.0.1
Found 16 curiosities
Fetching all curiosities from database
User [2025-10-07T07:53:48.496590+00:00] Admin requested curiosties list from 127.0.0.1
Found 16 curiosities
Fetching all curiosities from database
User [2025-10-07T07:54:13.826092+00:00] Admin requested curiosties list from 127.0.0.1
Found 16 curiosities
Fetching all curiosities from database
User [2025-10-07T07:54:27.056288+00:00] Admin requested curiosties list from 127.0.0.1
Found 16 curiosities
Fetching all curiosities from database
User [2025-10-07T07:54:45.987116+00:00] Admin requested curiosties list from 127.0.0.1
Found 16 curiosities
Fetching all curiosities from database
User [2025-10-07T07:54:56.868074+00:00] Admin requested curiosties list from 127.0.0.1
Found 16 curiosities
Fetching all curiosities from database
User [2025-10-07T07:55:20.041806+00:00] Admin requested curiosties list from 127.0.0.1
Found 16 curiosities
Fetching all curiosities from database
User [2025-10-07T07:55:46.029610+00:00] Admin requested curiosties list from 127.0.0.1
Found 16 curiosities
Fetching all curiosities from database
User [2025-10-07T07:56:36.570936+00:00] Admin requested curiosties list from 127.0.0.1
Found 16 curiosities
Fetching all curiosities from database
User [2025-10-07T07:56:46.851519+00:00] Admin requested curiosties list from 127.0.0.1
Found 16 curiosities
Fetching all curiosities from database
User [2025-10-07T07:57:01.724005+00:00] Admin requested curiosties list from 127.0.0.1
Found 16 curiosities
Fetching all curiosities from database
User [2025-10-07T07:57:23.284877+00:00] Admin requested curiosties list from 127.0.0.1
Found 16 curiosities
Fetching all curiosities from database
User [2025-10-07T07:57:34.557100+00:00] Admin requested curiosties list from 127.0.0.1
Found 16 curiosities
Fetching all curiosities from database
User [2025-10-07T07:58:31.208981+00:00] Admin requested curiosties list from 127.0.0.1
Found 16 curiosities
Fetching all curiosities from database
User [2025-10-07T07:58:49.914211+00:00] Admin requested curiosties list from 127.0.0.1
Found 16 curiosities
Fetching all curiosities from database
User [2025-10-07T07:59:03.097881+00:00] Admin requested curiosties list from 127.0.0.1
Found 16 curiosities
Fetching all curiosities from database
User [2025-10-07T08:01:23.960617+00:00] Admin requested curiosties list from 127.0.0.1
Found 16 curiosities
Fetching all curiosities from database
User [2025-10-07T08:01:43.312389+00:00] Admin requested curiosties list from 127.0.0.1
Found 16 curiosities
Fetching all curiosities from database
User [2025-10-07T08:01:46.872249+00:00] Admin requested curiosties list from 127.0.0.1
Found 16 curiosities
Fetching all curiosities from database
User [2025-10-07T08:05:33.749354+00:00] Admin requested curiosties list from 127.0.0.1
Found 16 curiosities
Fetching all curiosities from database
User [2025-10-07T08:06:29.010321+00:00] Admin requested curiosties list from 127.0.0.1
Found 16 curiosities
Fetching all curiosities from database
User [2025-10-07T08:08:55.567185+00:00] Admin requested curiosties list from 127.0.0.1
Found 16 curiosities
Fetching all curiosities from database
User [2025-10-07T08:08:59.846227+00:00] Admin requested curiosties list from 127.0.0.1
Found 16 curiosities
Fetching all curiosities from database
User [2025-10-07T08:09:23.887293+00:00] Admin requested curiosties list from 127.0.0.1
Found 16 curiosities
Fetching all curiosities from database
User [2025-10-07T08:10:11.130081+00:00] Admin requested curiosties list from 127.0.0.1
Found 16 curiosities
Fetching a curiosity with id 3
User [2025-10-07T08:10:20.123958+00:00] Admin requested curiosity with id 3
Curiosity found: ¯ubry
Fetching all curiosities from database
User [2025-10-07T08:16:39.357401+00:00] Admin requested curiosties list from 127.0.0.1
Found 16 curiosities
Fetching all curiosities from database
User [2025-10-07T08:16:42.653930+00:00] Admin requested curiosties list from 127.0.0.1
Found 16 curiosities
Fetching all curiosities from database
User [2025-10-07T08:16:55.889189+00:00] Admin requested curiosties list from 127.0.0.1
Found 16 curiosities
Fetching a curiosity with id 2
User [2025-10-07T08:16:59.318738+00:00] Admin requested curiosity with id 2
Curiosity found: Karasie
Fetching a curiosity with id 3
User [2025-10-07T08:17:04.633805+00:00] Admin requested curiosity with id 3
Curiosity found: ¯ubry
Fetching a curiosity with id 7
User [2025-10-07T08:17:07.374825+00:00] Admin requested curiosity with id 7
Curiosity found: Golce
Fetching a curiosity with id 1
User [2025-10-07T08:17:10.222867+00:00] Admin requested curiosity with id 1
Curiosity found: ¯aby
Fetching a curiosity with id 2
User [2025-10-07T08:17:12.614895+00:00] Admin requested curiosity with id 2
Curiosity found: Karasie
Fetching all curiosities from database
User [2025-10-07T08:17:16.519045+00:00] Admin requested curiosties list from 127.0.0.1
Found 16 curiosities
Fetching a curiosity with id 4
User [2025-10-07T08:17:17.263024+00:00] Admin requested curiosity with id 4
Curiosity found: Pingwiny
Fetching a curiosity with id 11
User [2025-10-07T08:17:19.967816+00:00] Admin requested curiosity with id 11
Curiosity found: Wilki
Fetching all curiosities from database
User [2025-10-07T08:17:24.342781+00:00] Admin requested curiosties list from 127.0.0.1
Found 16 curiosities
Fetching a curiosity with id 2
User [2025-10-07T08:17:25.335692+00:00] Admin requested curiosity with id 2
Curiosity found: Karasie
Fetching a curiosity with id 2
User [2025-10-07T08:17:26.436615+00:00] Admin requested curiosity with id 2
Curiosity found: Karasie
Fetching a curiosity with id 2
User [2025-10-07T08:17:27.493145+00:00] Admin requested curiosity with id 2
Curiosity found: Karasie
Fetching all curiosities from database
User [2025-10-07T08:18:58.042317+00:00] AnonymousUser requested curiosties list from 127.0.0.1
Found 16 curiosities
C:\Projects\Python\mywebsite\users\forms.py changed, reloading.
Watching for file changes with StatReloader
C:\Projects\Python\mywebsite\users\forms.py changed, reloading.
Watching for file changes with StatReloader
C:\Projects\Python\mywebsite\users\forms.py changed, reloading.
Watching for file changes with StatReloader
C:\Projects\Python\mywebsite\users\forms.py changed, reloading.
Watching for file changes with StatReloader
C:\Projects\Python\mywebsite\users\forms.py changed, reloading.
Watching for file changes with StatReloader
C:\Projects\Python\mywebsite\users\forms.py changed, reloading.
Watching for file changes with StatReloader
C:\Projects\Python\mywebsite\users\forms.py changed, reloading.
Watching for file changes with StatReloader
C:\Projects\Python\mywebsite\users\forms.py changed, reloading.
Watching for file changes with StatReloader
C:\Projects\Python\mywebsite\users\forms.py changed, reloading.
Watching for file changes with StatReloader
C:\Projects\Python\mywebsite\users\forms.py changed, reloading.
Watching for file changes with StatReloader
C:\Projects\Python\mywebsite\users\forms.py changed, reloading.
Watching for file changes with StatReloader
C:\Projects\Python\mywebsite\users\forms.py changed, reloading.
Watching for file changes with StatReloader
C:\Projects\Python\mywebsite\users\forms.py changed, reloading.
Watching for file changes with StatReloader
C:\Projects\Python\mywebsite\users\forms.py changed, reloading.
Watching for file changes with StatReloader
C:\Projects\Python\mywebsite\users\forms.py changed, reloading.
Watching for file changes with StatReloader
C:\Projects\Python\mywebsite\users\forms.py changed, reloading.
Watching for file changes with StatReloader
C:\Projects\Python\mywebsite\users\forms.py changed, reloading.
Watching for file changes with StatReloader
C:\Projects\Python\mywebsite\users\forms.py changed, reloading.
Watching for file changes with StatReloader
C:\Projects\Python\mywebsite\users\forms.py changed, reloading.
Watching for file changes with StatReloader
C:\Projects\Python\mywebsite\users\forms.py changed, reloading.
Watching for file changes with StatReloader
C:\Projects\Python\mywebsite\users\forms.py changed, reloading.
Watching for file changes with StatReloader
C:\Projects\Python\mywebsite\users\forms.py changed, reloading.
Watching for file changes with StatReloader
C:\Projects\Python\mywebsite\users\forms.py changed, reloading.
Watching for file changes with StatReloader
C:\Projects\Python\mywebsite\users\forms.py changed, reloading.
Watching for file changes with StatReloader
C:\Projects\Python\mywebsite\users\forms.py changed, reloading.
Watching for file changes with StatReloader
C:\Projects\Python\mywebsite\users\forms.py changed, reloading.
Watching for file changes with StatReloader
C:\Projects\Python\mywebsite\users\urls.py changed, reloading.
Watching for file changes with StatReloader
C:\Projects\Python\mywebsite\users\urls.py changed, reloading.
Watching for file changes with StatReloader
C:\Projects\Python\mywebsite\users\urls.py changed, reloading.
Watching for file changes with StatReloader
C:\Projects\Python\mywebsite\users\urls.py changed, reloading.
Watching for file changes with StatReloader
C:\Projects\Python\mywebsite\users\forms.py changed, reloading.
Watching for file changes with StatReloader
C:\Projects\Python\mywebsite\users\forms.py changed, reloading.
Watching for file changes with StatReloader
C:\Projects\Python\mywebsite\users\forms.py changed, reloading.
Watching for file changes with StatReloader
C:\Projects\Python\mywebsite\users\forms.py changed, reloading.
Watching for file changes with StatReloader
C:\Projects\Python\mywebsite\users\forms.py changed, reloading.
Watching for file changes with StatReloader
Fetching all curiosities from database
User [2025-10-07T08:54:26.531721+00:00] AnonymousUser requested curiosties list from 127.0.0.1
Found 16 curiosities
Fetching all curiosities from database
User [2025-10-07T08:54:30.057068+00:00] AnonymousUser requested curiosties list from 127.0.0.1
Found 16 curiosities
Fetching all curiosities from database
User [2025-10-07T08:54:39.249441+00:00] AnonymousUser requested curiosties list from 127.0.0.1
Found 16 curiosities
Fetching a curiosity with id 10
User [2025-10-07T08:54:53.548804+00:00] AnonymousUser requested curiosity with id 10
Curiosity found: S³oñ
Fetching a curiosity with id 14
User [2025-10-07T08:54:57.675203+00:00] AnonymousUser requested curiosity with id 14
Curiosity found: Karpie
Fetching all curiosities from database
User [2025-10-07T08:55:11.084277+00:00] AnonymousUser requested curiosties list from 127.0.0.1
Found 16 curiosities
Fetching all curiosities from database
User [2025-10-07T08:55:13.618371+00:00] AnonymousUser requested curiosties list from 127.0.0.1
Found 16 curiosities
Fetching all curiosities from database
User [2025-10-07T08:55:22.314775+00:00] AnonymousUser requested curiosties list from 127.0.0.1
Found 16 curiosities
C:\Projects\Python\mywebsite\users\views.py changed, reloading.
Watching for file changes with StatReloader
C:\Projects\Python\mywebsite\users\views.py changed, reloading.
Watching for file changes with StatReloader
C:\Projects\Python\mywebsite\users\views.py changed, reloading.
Watching for file changes with StatReloader
Fetching all curiosities from database
User [2025-10-07T09:02:16.199169+00:00] AnonymousUser requested curiosties list from 127.0.0.1
Found 16 curiosities
C:\Projects\Python\mywebsite\users\views.py changed, reloading.
Watching for file changes with StatReloader
Internal Server Error: /users/register/
Traceback (most recent call last):
  File "C:\DevTools\anaconda3\envs\django\Lib\site-packages\django\template\base.py", line 510, in parse
    compile_func = self.tags[command]
                   ~~~~~~~~~^^^^^^^^^
KeyError: 'endif'

During handling of the above exception, another exception occurred:

Traceback (most recent call last):
  File "C:\DevTools\anaconda3\envs\django\Lib\site-packages\django\core\handlers\exception.py", line 55, in inner
    response = get_response(request)
               ^^^^^^^^^^^^^^^^^^^^^
  File "C:\DevTools\anaconda3\envs\django\Lib\site-packages\django\core\handlers\base.py", line 197, in _get_response
    response = wrapped_callback(request, *callback_args, **callback_kwargs)
               ^^^^^^^^^^^^^^^^^^^^^^^^^^^^^^^^^^^^^^^^^^^^^^^^^^^^^^^^^^^^
  File "C:\Projects\Python\mywebsite\users\views.py", line 29, in register
    return render(request, 'users/register.html', {'form': form})
           ^^^^^^^^^^^^^^^^^^^^^^^^^^^^^^^^^^^^^^^^^^^^^^^^^^^^^^
  File "C:\DevTools\anaconda3\envs\django\Lib\site-packages\django\shortcuts.py", line 25, in render
    content = loader.render_to_string(template_name, context, request, using=using)
              ^^^^^^^^^^^^^^^^^^^^^^^^^^^^^^^^^^^^^^^^^^^^^^^^^^^^^^^^^^^^^^^^^^^^^
  File "C:\DevTools\anaconda3\envs\django\Lib\site-packages\django\template\loader.py", line 61, in render_to_string
    template = get_template(template_name, using=using)
               ^^^^^^^^^^^^^^^^^^^^^^^^^^^^^^^^^^^^^^^^
  File "C:\DevTools\anaconda3\envs\django\Lib\site-packages\django\template\loader.py", line 15, in get_template
    return engine.get_template(template_name)
           ^^^^^^^^^^^^^^^^^^^^^^^^^^^^^^^^^^
  File "C:\DevTools\anaconda3\envs\django\Lib\site-packages\django\template\backends\django.py", line 79, in get_template
    return Template(self.engine.get_template(template_name), self)
                    ^^^^^^^^^^^^^^^^^^^^^^^^^^^^^^^^^^^^^^^
  File "C:\DevTools\anaconda3\envs\django\Lib\site-packages\django\template\engine.py", line 177, in get_template
    template, origin = self.find_template(template_name)
                       ^^^^^^^^^^^^^^^^^^^^^^^^^^^^^^^^^
  File "C:\DevTools\anaconda3\envs\django\Lib\site-packages\django\template\engine.py", line 159, in find_template
    template = loader.get_template(name, skip=skip)
               ^^^^^^^^^^^^^^^^^^^^^^^^^^^^^^^^^^^^
  File "C:\DevTools\anaconda3\envs\django\Lib\site-packages\django\template\loaders\cached.py", line 57, in get_template
    template = super().get_template(template_name, skip)
               ^^^^^^^^^^^^^^^^^^^^^^^^^^^^^^^^^^^^^^^^^
  File "C:\DevTools\anaconda3\envs\django\Lib\site-packages\django\template\loaders\base.py", line 28, in get_template
    return Template(
           ^^^^^^^^^
  File "C:\DevTools\anaconda3\envs\django\Lib\site-packages\django\template\base.py", line 154, in __init__
    self.nodelist = self.compile_nodelist()
                    ^^^^^^^^^^^^^^^^^^^^^^^
  File "C:\DevTools\anaconda3\envs\django\Lib\site-packages\django\template\base.py", line 196, in compile_nodelist
    nodelist = parser.parse()
               ^^^^^^^^^^^^^^
  File "C:\DevTools\anaconda3\envs\django\Lib\site-packages\django\template\base.py", line 518, in parse
    raise self.error(token, e)
  File "C:\DevTools\anaconda3\envs\django\Lib\site-packages\django\template\base.py", line 516, in parse
    compiled_result = compile_func(self, token)
                      ^^^^^^^^^^^^^^^^^^^^^^^^^
  File "C:\DevTools\anaconda3\envs\django\Lib\site-packages\django\template\loader_tags.py", line 299, in do_extends
    nodelist = parser.parse()
               ^^^^^^^^^^^^^^
  File "C:\DevTools\anaconda3\envs\django\Lib\site-packages\django\template\base.py", line 518, in parse
    raise self.error(token, e)
  File "C:\DevTools\anaconda3\envs\django\Lib\site-packages\django\template\base.py", line 516, in parse
    compiled_result = compile_func(self, token)
                      ^^^^^^^^^^^^^^^^^^^^^^^^^
  File "C:\DevTools\anaconda3\envs\django\Lib\site-packages\django\template\loader_tags.py", line 234, in do_block
    nodelist = parser.parse(("endblock",))
               ^^^^^^^^^^^^^^^^^^^^^^^^^^^
  File "C:\DevTools\anaconda3\envs\django\Lib\site-packages\django\template\base.py", line 518, in parse
    raise self.error(token, e)
  File "C:\DevTools\anaconda3\envs\django\Lib\site-packages\django\template\base.py", line 516, in parse
    compiled_result = compile_func(self, token)
                      ^^^^^^^^^^^^^^^^^^^^^^^^^
  File "C:\DevTools\anaconda3\envs\django\Lib\site-packages\django\template\defaulttags.py", line 962, in do_if
    nodelist = parser.parse(("elif", "else", "endif"))
               ^^^^^^^^^^^^^^^^^^^^^^^^^^^^^^^^^^^^^^^
  File "C:\DevTools\anaconda3\envs\django\Lib\site-packages\django\template\base.py", line 518, in parse
    raise self.error(token, e)
  File "C:\DevTools\anaconda3\envs\django\Lib\site-packages\django\template\base.py", line 516, in parse
    compiled_result = compile_func(self, token)
                      ^^^^^^^^^^^^^^^^^^^^^^^^^
  File "C:\DevTools\anaconda3\envs\django\Lib\site-packages\django\template\defaulttags.py", line 862, in do_for
    nodelist_loop = parser.parse(
                    ^^^^^^^^^^^^^
  File "C:\DevTools\anaconda3\envs\django\Lib\site-packages\django\template\base.py", line 512, in parse
    self.invalid_block_tag(token, command, parse_until)
  File "C:\DevTools\anaconda3\envs\django\Lib\site-packages\django\template\base.py", line 567, in invalid_block_tag
    raise self.error(
django.template.exceptions.TemplateSyntaxError: Invalid block tag on line 35: 'endif', expected 'empty' or 'endfor'. Did you forget to register or load this tag?
Internal Server Error: /users/register/
Traceback (most recent call last):
  File "C:\DevTools\anaconda3\envs\django\Lib\site-packages\django\template\base.py", line 510, in parse
    compile_func = self.tags[command]
                   ~~~~~~~~~^^^^^^^^^
KeyError: 'endif'

During handling of the above exception, another exception occurred:

Traceback (most recent call last):
  File "C:\DevTools\anaconda3\envs\django\Lib\site-packages\django\core\handlers\exception.py", line 55, in inner
    response = get_response(request)
               ^^^^^^^^^^^^^^^^^^^^^
  File "C:\DevTools\anaconda3\envs\django\Lib\site-packages\django\core\handlers\base.py", line 197, in _get_response
    response = wrapped_callback(request, *callback_args, **callback_kwargs)
               ^^^^^^^^^^^^^^^^^^^^^^^^^^^^^^^^^^^^^^^^^^^^^^^^^^^^^^^^^^^^
  File "C:\Projects\Python\mywebsite\users\views.py", line 29, in register
    return render(request, 'users/register.html', {'form': form})
           ^^^^^^^^^^^^^^^^^^^^^^^^^^^^^^^^^^^^^^^^^^^^^^^^^^^^^^
  File "C:\DevTools\anaconda3\envs\django\Lib\site-packages\django\shortcuts.py", line 25, in render
    content = loader.render_to_string(template_name, context, request, using=using)
              ^^^^^^^^^^^^^^^^^^^^^^^^^^^^^^^^^^^^^^^^^^^^^^^^^^^^^^^^^^^^^^^^^^^^^
  File "C:\DevTools\anaconda3\envs\django\Lib\site-packages\django\template\loader.py", line 61, in render_to_string
    template = get_template(template_name, using=using)
               ^^^^^^^^^^^^^^^^^^^^^^^^^^^^^^^^^^^^^^^^
  File "C:\DevTools\anaconda3\envs\django\Lib\site-packages\django\template\loader.py", line 15, in get_template
    return engine.get_template(template_name)
           ^^^^^^^^^^^^^^^^^^^^^^^^^^^^^^^^^^
  File "C:\DevTools\anaconda3\envs\django\Lib\site-packages\django\template\backends\django.py", line 79, in get_template
    return Template(self.engine.get_template(template_name), self)
                    ^^^^^^^^^^^^^^^^^^^^^^^^^^^^^^^^^^^^^^^
  File "C:\DevTools\anaconda3\envs\django\Lib\site-packages\django\template\engine.py", line 177, in get_template
    template, origin = self.find_template(template_name)
                       ^^^^^^^^^^^^^^^^^^^^^^^^^^^^^^^^^
  File "C:\DevTools\anaconda3\envs\django\Lib\site-packages\django\template\engine.py", line 159, in find_template
    template = loader.get_template(name, skip=skip)
               ^^^^^^^^^^^^^^^^^^^^^^^^^^^^^^^^^^^^
  File "C:\DevTools\anaconda3\envs\django\Lib\site-packages\django\template\loaders\cached.py", line 57, in get_template
    template = super().get_template(template_name, skip)
               ^^^^^^^^^^^^^^^^^^^^^^^^^^^^^^^^^^^^^^^^^
  File "C:\DevTools\anaconda3\envs\django\Lib\site-packages\django\template\loaders\base.py", line 28, in get_template
    return Template(
           ^^^^^^^^^
  File "C:\DevTools\anaconda3\envs\django\Lib\site-packages\django\template\base.py", line 154, in __init__
    self.nodelist = self.compile_nodelist()
                    ^^^^^^^^^^^^^^^^^^^^^^^
  File "C:\DevTools\anaconda3\envs\django\Lib\site-packages\django\template\base.py", line 196, in compile_nodelist
    nodelist = parser.parse()
               ^^^^^^^^^^^^^^
  File "C:\DevTools\anaconda3\envs\django\Lib\site-packages\django\template\base.py", line 518, in parse
    raise self.error(token, e)
  File "C:\DevTools\anaconda3\envs\django\Lib\site-packages\django\template\base.py", line 516, in parse
    compiled_result = compile_func(self, token)
                      ^^^^^^^^^^^^^^^^^^^^^^^^^
  File "C:\DevTools\anaconda3\envs\django\Lib\site-packages\django\template\loader_tags.py", line 299, in do_extends
    nodelist = parser.parse()
               ^^^^^^^^^^^^^^
  File "C:\DevTools\anaconda3\envs\django\Lib\site-packages\django\template\base.py", line 518, in parse
    raise self.error(token, e)
  File "C:\DevTools\anaconda3\envs\django\Lib\site-packages\django\template\base.py", line 516, in parse
    compiled_result = compile_func(self, token)
                      ^^^^^^^^^^^^^^^^^^^^^^^^^
  File "C:\DevTools\anaconda3\envs\django\Lib\site-packages\django\template\loader_tags.py", line 234, in do_block
    nodelist = parser.parse(("endblock",))
               ^^^^^^^^^^^^^^^^^^^^^^^^^^^
  File "C:\DevTools\anaconda3\envs\django\Lib\site-packages\django\template\base.py", line 518, in parse
    raise self.error(token, e)
  File "C:\DevTools\anaconda3\envs\django\Lib\site-packages\django\template\base.py", line 516, in parse
    compiled_result = compile_func(self, token)
                      ^^^^^^^^^^^^^^^^^^^^^^^^^
  File "C:\DevTools\anaconda3\envs\django\Lib\site-packages\django\template\defaulttags.py", line 962, in do_if
    nodelist = parser.parse(("elif", "else", "endif"))
               ^^^^^^^^^^^^^^^^^^^^^^^^^^^^^^^^^^^^^^^
  File "C:\DevTools\anaconda3\envs\django\Lib\site-packages\django\template\base.py", line 518, in parse
    raise self.error(token, e)
  File "C:\DevTools\anaconda3\envs\django\Lib\site-packages\django\template\base.py", line 516, in parse
    compiled_result = compile_func(self, token)
                      ^^^^^^^^^^^^^^^^^^^^^^^^^
  File "C:\DevTools\anaconda3\envs\django\Lib\site-packages\django\template\defaulttags.py", line 862, in do_for
    nodelist_loop = parser.parse(
                    ^^^^^^^^^^^^^
  File "C:\DevTools\anaconda3\envs\django\Lib\site-packages\django\template\base.py", line 512, in parse
    self.invalid_block_tag(token, command, parse_until)
  File "C:\DevTools\anaconda3\envs\django\Lib\site-packages\django\template\base.py", line 567, in invalid_block_tag
    raise self.error(
django.template.exceptions.TemplateSyntaxError: Invalid block tag on line 35: 'endif', expected 'empty' or 'endfor'. Did you forget to register or load this tag?
C:\Projects\Python\mywebsite\users\forms.py changed, reloading.
Watching for file changes with StatReloader
C:\Projects\Python\mywebsite\users\forms.py changed, reloading.
Watching for file changes with StatReloader
C:\Projects\Python\mywebsite\mywebsite\settings.py changed, reloading.
Watching for file changes with StatReloader
Internal Server Error: /users/register/
Traceback (most recent call last):
  File "C:\DevTools\anaconda3\envs\django\Lib\site-packages\django\core\handlers\exception.py", line 55, in inner
    response = get_response(request)
               ^^^^^^^^^^^^^^^^^^^^^
  File "C:\DevTools\anaconda3\envs\django\Lib\site-packages\django\core\handlers\base.py", line 197, in _get_response
    response = wrapped_callback(request, *callback_args, **callback_kwargs)
               ^^^^^^^^^^^^^^^^^^^^^^^^^^^^^^^^^^^^^^^^^^^^^^^^^^^^^^^^^^^^
  File "C:\Projects\Python\mywebsite\users\views.py", line 17, in register
    if form.is_valid():
       ^^^^^^^^^^^^^^^
  File "C:\DevTools\anaconda3\envs\django\Lib\site-packages\django\forms\forms.py", line 206, in is_valid
    return self.is_bound and not self.errors
                                 ^^^^^^^^^^^
  File "C:\DevTools\anaconda3\envs\django\Lib\site-packages\django\forms\forms.py", line 201, in errors
    self.full_clean()
  File "C:\DevTools\anaconda3\envs\django\Lib\site-packages\django\forms\forms.py", line 339, in full_clean
    self._post_clean()
  File "C:\DevTools\anaconda3\envs\django\Lib\site-packages\django\contrib\auth\forms.py", line 261, in _post_clean
    self.validate_password_for_user(self.instance)
  File "C:\DevTools\anaconda3\envs\django\Lib\site-packages\django\views\decorators\debug.py", line 75, in sensitive_variables_wrapper
    return func(*func_args, **func_kwargs)
           ^^^^^^^^^^^^^^^^^^^^^^^^^^^^^^^
  File "C:\DevTools\anaconda3\envs\django\Lib\site-packages\django\contrib\auth\forms.py", line 147, in validate_password_for_user
    password_validation.validate_password(password, user)
  File "C:\DevTools\anaconda3\envs\django\Lib\site-packages\django\contrib\auth\password_validation.py", line 53, in validate_password
    validator.validate(password, user)
  File "C:\Projects\Python\mywebsite\users\validators.py", line 8, in validate
    super.validate(password, user)
    ^^^^^^^^^^^^^^
AttributeError: type object 'super' has no attribute 'validate'
C:\Projects\Python\mywebsite\users\validators.py changed, reloading.
Watching for file changes with StatReloader
C:\Projects\Python\mywebsite\users\validators.py changed, reloading.
Watching for file changes with StatReloader
C:\Projects\Python\mywebsite\users\validators.py changed, reloading.
Watching for file changes with StatReloader
C:\Projects\Python\mywebsite\mywebsite\settings.py changed, reloading.
Watching for file changes with StatReloader
Internal Server Error: /users/register/
Traceback (most recent call last):
  File "C:\DevTools\anaconda3\envs\django\Lib\site-packages\django\utils\module_loading.py", line 30, in import_string
    return cached_import(module_path, class_name)
           ^^^^^^^^^^^^^^^^^^^^^^^^^^^^^^^^^^^^^^
  File "C:\DevTools\anaconda3\envs\django\Lib\site-packages\django\utils\module_loading.py", line 16, in cached_import
    return getattr(module, class_name)
           ^^^^^^^^^^^^^^^^^^^^^^^^^^^
AttributeError: module 'django.contrib.auth.password_validation' has no attribute 'PLUserAttributeSimilarityValidator'. Did you mean: 'UserAttributeSimilarityValidator'?

The above exception was the direct cause of the following exception:

Traceback (most recent call last):
  File "C:\DevTools\anaconda3\envs\django\Lib\site-packages\django\contrib\auth\password_validation.py", line 29, in get_password_validators
    klass = import_string(validator["NAME"])
            ^^^^^^^^^^^^^^^^^^^^^^^^^^^^^^^^
  File "C:\DevTools\anaconda3\envs\django\Lib\site-packages\django\utils\module_loading.py", line 32, in import_string
    raise ImportError(
ImportError: Module "django.contrib.auth.password_validation" does not define a "PLUserAttributeSimilarityValidator" attribute/class

During handling of the above exception, another exception occurred:

Traceback (most recent call last):
  File "C:\DevTools\anaconda3\envs\django\Lib\site-packages\django\core\handlers\exception.py", line 55, in inner
    response = get_response(request)
               ^^^^^^^^^^^^^^^^^^^^^
  File "C:\DevTools\anaconda3\envs\django\Lib\site-packages\django\core\handlers\base.py", line 197, in _get_response
    response = wrapped_callback(request, *callback_args, **callback_kwargs)
               ^^^^^^^^^^^^^^^^^^^^^^^^^^^^^^^^^^^^^^^^^^^^^^^^^^^^^^^^^^^^
  File "C:\Projects\Python\mywebsite\users\views.py", line 17, in register
    if form.is_valid():
       ^^^^^^^^^^^^^^^
  File "C:\DevTools\anaconda3\envs\django\Lib\site-packages\django\forms\forms.py", line 206, in is_valid
    return self.is_bound and not self.errors
                                 ^^^^^^^^^^^
  File "C:\DevTools\anaconda3\envs\django\Lib\site-packages\django\forms\forms.py", line 201, in errors
    self.full_clean()
  File "C:\DevTools\anaconda3\envs\django\Lib\site-packages\django\forms\forms.py", line 339, in full_clean
    self._post_clean()
  File "C:\DevTools\anaconda3\envs\django\Lib\site-packages\django\contrib\auth\forms.py", line 261, in _post_clean
    self.validate_password_for_user(self.instance)
  File "C:\DevTools\anaconda3\envs\django\Lib\site-packages\django\views\decorators\debug.py", line 75, in sensitive_variables_wrapper
    return func(*func_args, **func_kwargs)
           ^^^^^^^^^^^^^^^^^^^^^^^^^^^^^^^
  File "C:\DevTools\anaconda3\envs\django\Lib\site-packages\django\contrib\auth\forms.py", line 147, in validate_password_for_user
    password_validation.validate_password(password, user)
  File "C:\DevTools\anaconda3\envs\django\Lib\site-packages\django\contrib\auth\password_validation.py", line 50, in validate_password
    password_validators = get_default_password_validators()
                          ^^^^^^^^^^^^^^^^^^^^^^^^^^^^^^^^^
  File "C:\DevTools\anaconda3\envs\django\Lib\site-packages\django\contrib\auth\password_validation.py", line 22, in get_default_password_validators
    return get_password_validators(settings.AUTH_PASSWORD_VALIDATORS)
           ^^^^^^^^^^^^^^^^^^^^^^^^^^^^^^^^^^^^^^^^^^^^^^^^^^^^^^^^^^
  File "C:\DevTools\anaconda3\envs\django\Lib\site-packages\django\contrib\auth\password_validation.py", line 35, in get_password_validators
    raise ImproperlyConfigured(msg % validator["NAME"])
django.core.exceptions.ImproperlyConfigured: The module in NAME could not be imported: django.contrib.auth.password_validation.PLUserAttributeSimilarityValidator. Check your AUTH_PASSWORD_VALIDATORS setting.
C:\Projects\Python\mywebsite\mywebsite\settings.py changed, reloading.
Watching for file changes with StatReloader
Internal Server Error: /users/register/
Traceback (most recent call last):
  File "C:\DevTools\anaconda3\envs\django\Lib\site-packages\django\utils\module_loading.py", line 30, in import_string
    return cached_import(module_path, class_name)
           ^^^^^^^^^^^^^^^^^^^^^^^^^^^^^^^^^^^^^^
  File "C:\DevTools\anaconda3\envs\django\Lib\site-packages\django\utils\module_loading.py", line 16, in cached_import
    return getattr(module, class_name)
           ^^^^^^^^^^^^^^^^^^^^^^^^^^^
AttributeError: module 'users.validators' has no attribute 'PLUserAttributeSimilarityValidator'. Did you mean: 'UserAttributeSimilarityValidator'?

The above exception was the direct cause of the following exception:

Traceback (most recent call last):
  File "C:\DevTools\anaconda3\envs\django\Lib\site-packages\django\contrib\auth\password_validation.py", line 29, in get_password_validators
    klass = import_string(validator["NAME"])
            ^^^^^^^^^^^^^^^^^^^^^^^^^^^^^^^^
  File "C:\DevTools\anaconda3\envs\django\Lib\site-packages\django\utils\module_loading.py", line 32, in import_string
    raise ImportError(
ImportError: Module "users.validators" does not define a "PLUserAttributeSimilarityValidator" attribute/class

During handling of the above exception, another exception occurred:

Traceback (most recent call last):
  File "C:\DevTools\anaconda3\envs\django\Lib\site-packages\django\core\handlers\exception.py", line 55, in inner
    response = get_response(request)
               ^^^^^^^^^^^^^^^^^^^^^
  File "C:\DevTools\anaconda3\envs\django\Lib\site-packages\django\core\handlers\base.py", line 197, in _get_response
    response = wrapped_callback(request, *callback_args, **callback_kwargs)
               ^^^^^^^^^^^^^^^^^^^^^^^^^^^^^^^^^^^^^^^^^^^^^^^^^^^^^^^^^^^^
  File "C:\Projects\Python\mywebsite\users\views.py", line 17, in register
    if form.is_valid():
       ^^^^^^^^^^^^^^^
  File "C:\DevTools\anaconda3\envs\django\Lib\site-packages\django\forms\forms.py", line 206, in is_valid
    return self.is_bound and not self.errors
                                 ^^^^^^^^^^^
  File "C:\DevTools\anaconda3\envs\django\Lib\site-packages\django\forms\forms.py", line 201, in errors
    self.full_clean()
  File "C:\DevTools\anaconda3\envs\django\Lib\site-packages\django\forms\forms.py", line 339, in full_clean
    self._post_clean()
  File "C:\DevTools\anaconda3\envs\django\Lib\site-packages\django\contrib\auth\forms.py", line 261, in _post_clean
    self.validate_password_for_user(self.instance)
  File "C:\DevTools\anaconda3\envs\django\Lib\site-packages\django\views\decorators\debug.py", line 75, in sensitive_variables_wrapper
    return func(*func_args, **func_kwargs)
           ^^^^^^^^^^^^^^^^^^^^^^^^^^^^^^^
  File "C:\DevTools\anaconda3\envs\django\Lib\site-packages\django\contrib\auth\forms.py", line 147, in validate_password_for_user
    password_validation.validate_password(password, user)
  File "C:\DevTools\anaconda3\envs\django\Lib\site-packages\django\contrib\auth\password_validation.py", line 50, in validate_password
    password_validators = get_default_password_validators()
                          ^^^^^^^^^^^^^^^^^^^^^^^^^^^^^^^^^
  File "C:\DevTools\anaconda3\envs\django\Lib\site-packages\django\contrib\auth\password_validation.py", line 22, in get_default_password_validators
    return get_password_validators(settings.AUTH_PASSWORD_VALIDATORS)
           ^^^^^^^^^^^^^^^^^^^^^^^^^^^^^^^^^^^^^^^^^^^^^^^^^^^^^^^^^^
  File "C:\DevTools\anaconda3\envs\django\Lib\site-packages\django\contrib\auth\password_validation.py", line 35, in get_password_validators
    raise ImproperlyConfigured(msg % validator["NAME"])
django.core.exceptions.ImproperlyConfigured: The module in NAME could not be imported: users.validators.PLUserAttributeSimilarityValidator. Check your AUTH_PASSWORD_VALIDATORS setting.
C:\Projects\Python\mywebsite\users\validators.py changed, reloading.
Watching for file changes with StatReloader
Internal Server Error: /users/register/
Traceback (most recent call last):
  File "C:\DevTools\anaconda3\envs\django\Lib\site-packages\django\utils\module_loading.py", line 30, in import_string
    return cached_import(module_path, class_name)
           ^^^^^^^^^^^^^^^^^^^^^^^^^^^^^^^^^^^^^^
  File "C:\DevTools\anaconda3\envs\django\Lib\site-packages\django\utils\module_loading.py", line 16, in cached_import
    return getattr(module, class_name)
           ^^^^^^^^^^^^^^^^^^^^^^^^^^^
AttributeError: module 'users.validators' has no attribute 'PLCommonPasswordValidator'. Did you mean: 'PlCommonPasswordValidator'?

The above exception was the direct cause of the following exception:

Traceback (most recent call last):
  File "C:\DevTools\anaconda3\envs\django\Lib\site-packages\django\contrib\auth\password_validation.py", line 29, in get_password_validators
    klass = import_string(validator["NAME"])
            ^^^^^^^^^^^^^^^^^^^^^^^^^^^^^^^^
  File "C:\DevTools\anaconda3\envs\django\Lib\site-packages\django\utils\module_loading.py", line 32, in import_string
    raise ImportError(
ImportError: Module "users.validators" does not define a "PLCommonPasswordValidator" attribute/class

During handling of the above exception, another exception occurred:

Traceback (most recent call last):
  File "C:\DevTools\anaconda3\envs\django\Lib\site-packages\django\core\handlers\exception.py", line 55, in inner
    response = get_response(request)
               ^^^^^^^^^^^^^^^^^^^^^
  File "C:\DevTools\anaconda3\envs\django\Lib\site-packages\django\core\handlers\base.py", line 197, in _get_response
    response = wrapped_callback(request, *callback_args, **callback_kwargs)
               ^^^^^^^^^^^^^^^^^^^^^^^^^^^^^^^^^^^^^^^^^^^^^^^^^^^^^^^^^^^^
  File "C:\Projects\Python\mywebsite\users\views.py", line 17, in register
    if form.is_valid():
       ^^^^^^^^^^^^^^^
  File "C:\DevTools\anaconda3\envs\django\Lib\site-packages\django\forms\forms.py", line 206, in is_valid
    return self.is_bound and not self.errors
                                 ^^^^^^^^^^^
  File "C:\DevTools\anaconda3\envs\django\Lib\site-packages\django\forms\forms.py", line 201, in errors
    self.full_clean()
  File "C:\DevTools\anaconda3\envs\django\Lib\site-packages\django\forms\forms.py", line 339, in full_clean
    self._post_clean()
  File "C:\DevTools\anaconda3\envs\django\Lib\site-packages\django\contrib\auth\forms.py", line 261, in _post_clean
    self.validate_password_for_user(self.instance)
  File "C:\DevTools\anaconda3\envs\django\Lib\site-packages\django\views\decorators\debug.py", line 75, in sensitive_variables_wrapper
    return func(*func_args, **func_kwargs)
           ^^^^^^^^^^^^^^^^^^^^^^^^^^^^^^^
  File "C:\DevTools\anaconda3\envs\django\Lib\site-packages\django\contrib\auth\forms.py", line 147, in validate_password_for_user
    password_validation.validate_password(password, user)
  File "C:\DevTools\anaconda3\envs\django\Lib\site-packages\django\contrib\auth\password_validation.py", line 50, in validate_password
    password_validators = get_default_password_validators()
                          ^^^^^^^^^^^^^^^^^^^^^^^^^^^^^^^^^
  File "C:\DevTools\anaconda3\envs\django\Lib\site-packages\django\contrib\auth\password_validation.py", line 22, in get_default_password_validators
    return get_password_validators(settings.AUTH_PASSWORD_VALIDATORS)
           ^^^^^^^^^^^^^^^^^^^^^^^^^^^^^^^^^^^^^^^^^^^^^^^^^^^^^^^^^^
  File "C:\DevTools\anaconda3\envs\django\Lib\site-packages\django\contrib\auth\password_validation.py", line 35, in get_password_validators
    raise ImproperlyConfigured(msg % validator["NAME"])
django.core.exceptions.ImproperlyConfigured: The module in NAME could not be imported: users.validators.PLCommonPasswordValidator. Check your AUTH_PASSWORD_VALIDATORS setting.
C:\Projects\Python\mywebsite\users\validators.py changed, reloading.
Watching for file changes with StatReloader
C:\Projects\Python\mywebsite\users\validators.py changed, reloading.
Watching for file changes with StatReloader
C:\Projects\Python\mywebsite\users\validators.py changed, reloading.
Watching for file changes with StatReloader
C:\Projects\Python\mywebsite\users\validators.py changed, reloading.
Watching for file changes with StatReloader
C:\Projects\Python\mywebsite\users\validators.py changed, reloading.
Watching for file changes with StatReloader
Fetching all curiosities from database
User [2025-10-07T11:53:38.964120+00:00] Krokodyl requested curiosties list from 127.0.0.1
Found 16 curiosities
Fetching all curiosities from database
User [2025-10-07T11:53:44.082044+00:00] Krokodyl requested curiosties list from 127.0.0.1
Found 16 curiosities
Fetching all curiosities from database
User [2025-10-07T11:54:09.491758+00:00] AnonymousUser requested curiosties list from 127.0.0.1
Found 16 curiosities
C:\Projects\Python\mywebsite\users\forms.py changed, reloading.
Watching for file changes with StatReloader
C:\Projects\Python\mywebsite\users\forms.py changed, reloading.
Watching for file changes with StatReloader
Fetching all curiosities from database
User [2025-10-07T12:31:10.858123+00:00] AnonymousUser requested curiosties list from 127.0.0.1
Found 16 curiosities
Fetching all curiosities from database
User [2025-10-07T12:39:47.132998+00:00] AnonymousUser requested curiosties list from 127.0.0.1
Found 16 curiosities
Fetching a curiosity with id 7
User [2025-10-07T12:39:51.740919+00:00] AnonymousUser requested curiosity with id 7
Curiosity found: Golce
Fetching all curiosities from database
User [2025-10-07T12:40:26.177377+00:00] Admin requested curiosties list from 127.0.0.1
Found 16 curiosities
Fetching all curiosities from database
User [2025-10-07T13:06:08.923256+00:00] Admin requested curiosties list from 127.0.0.1
Found 16 curiosities
Fetching a curiosity with id 2
User [2025-10-07T13:06:11.257734+00:00] Admin requested curiosity with id 2
Curiosity found: Karasie
Fetching all curiosities from database
User [2025-10-07T13:06:16.579380+00:00] Admin requested curiosties list from 127.0.0.1
Found 16 curiosities
Fetching all curiosities from database
User [2025-10-07T13:06:21.418976+00:00] Admin requested curiosties list from 127.0.0.1
Found 16 curiosities
Fetching all curiosities from database
User [2025-10-07T13:06:29.050050+00:00] Admin requested curiosties list from 127.0.0.1
Found 16 curiosities
Fetching all curiosities from database
User [2025-10-07T13:06:39.898460+00:00] Admin requested curiosties list from 127.0.0.1
Found 16 curiosities
Fetching all curiosities from database
User [2025-10-07T13:06:45.754548+00:00] Admin requested curiosties list from 127.0.0.1
Found 16 curiosities
Fetching all curiosities from database
User [2025-10-07T13:06:51.483190+00:00] Admin requested curiosties list from 127.0.0.1
Found 16 curiosities
Fetching all curiosities from database
User [2025-10-07T13:06:54.267565+00:00] Admin requested curiosties list from 127.0.0.1
Found 16 curiosities
Fetching all curiosities from database
User [2025-10-07T13:06:55.414082+00:00] Admin requested curiosties list from 127.0.0.1
Found 16 curiosities
Fetching all curiosities from database
User [2025-10-07T13:09:58.237006+00:00] Admin requested curiosties list from 127.0.0.1
Found 16 curiosities
Fetching a curiosity with id 5
User [2025-10-07T13:10:08.802030+00:00] Admin requested curiosity with id 5
Curiosity found: Krokodyle
Fetching all curiosities from database
User [2025-10-07T13:10:14.444495+00:00] Admin requested curiosties list from 127.0.0.1
Found 16 curiosities
Fetching all curiosities from database
User [2025-10-07T13:10:16.164104+00:00] Admin requested curiosties list from 127.0.0.1
Found 16 curiosities
Fetching a curiosity with id 13
User [2025-10-07T13:10:17.297240+00:00] Admin requested curiosity with id 13
Curiosity found: Sowa
Fetching all curiosities from database
User [2025-10-07T13:10:19.898610+00:00] Admin requested curiosties list from 127.0.0.1
Found 16 curiosities
Fetching a curiosity with id 2
User [2025-10-07T13:10:20.569944+00:00] Admin requested curiosity with id 2
Curiosity found: Karasie
Fetching a curiosity with id 3
User [2025-10-07T13:10:29.116459+00:00] Admin requested curiosity with id 3
Curiosity found: ¯ubry
Fetching a curiosity with id 11
User [2025-10-07T13:10:31.778512+00:00] Admin requested curiosity with id 11
Curiosity found: Wilki
C:\Projects\Python\mywebsite\myapp\apps.py changed, reloading.
Watching for file changes with StatReloader
Watching for file changes with StatReloader
Fetching a curiosity with id 2
User [2025-10-07T13:39:59.885100+00:00] Admin requested curiosity with id 2
Curiosity found: Karasie
Fetching all curiosities from database
User [2025-10-07T13:40:01.652677+00:00] Admin requested curiosties list from 127.0.0.1
Found 16 curiosities
Watching for file changes with StatReloader
Not Found: /
Fetching all curiosities from database
User [2025-10-07T14:28:11.214628+00:00] Admin requested curiosties list from 127.0.0.1
Found 16 curiosities
C:\Projects\Python\mywebsite\mywebsite\settings.py changed, reloading.
Watching for file changes with StatReloader
C:\Projects\Python\mywebsite\mywebsite\settings.py changed, reloading.
Watching for file changes with StatReloader
C:\Projects\Python\mywebsite\mywebsite\settings.py changed, reloading.
Watching for file changes with StatReloader
C:\Projects\Python\mywebsite\mywebsite\settings.py changed, reloading.
Watching for file changes with StatReloader
Watching for file changes with StatReloader
C:\Projects\Python\mywebsite\mywebsite\urls.py changed, reloading.
Watching for file changes with StatReloader
Watching for file changes with StatReloader
C:\Projects\Python\mywebsite\mywebsite\settings.py changed, reloading.
Watching for file changes with StatReloader
Watching for file changes with StatReloader
Watching for file changes with StatReloader
C:\Projects\Python\mywebsite\mywebsite\urls.py changed, reloading.
Watching for file changes with StatReloader
C:\Projects\Python\mywebsite\mywebsite\settings.py changed, reloading.
Watching for file changes with StatReloader
C:\Projects\Python\mywebsite\mywebsite\settings.py changed, reloading.
Watching for file changes with StatReloader
C:\Projects\Python\mywebsite\mywebsite\settings.py changed, reloading.
Watching for file changes with StatReloader
C:\Projects\Python\mywebsite\mywebsite\settings.py changed, reloading.
Watching for file changes with StatReloader
C:\Projects\Python\mywebsite\mywebsite\settings.py changed, reloading.
Watching for file changes with StatReloader
C:\Projects\Python\mywebsite\mywebsite\settings.py changed, reloading.
Watching for file changes with StatReloader
C:\Projects\Python\mywebsite\mywebsite\settings.py changed, reloading.
Watching for file changes with StatReloader
C:\Projects\Python\mywebsite\mywebsite\settings.py changed, reloading.
Watching for file changes with StatReloader
Watching for file changes with StatReloader
C:\Projects\Python\mywebsite\mywebsite\settings.py changed, reloading.
Watching for file changes with StatReloader
Watching for file changes with StatReloader
C:\Projects\Python\mywebsite\mywebsite\urls.py changed, reloading.
Watching for file changes with StatReloader
C:\Projects\Python\mywebsite\mywebsite\settings.py changed, reloading.
Watching for file changes with StatReloader
C:\Projects\Python\mywebsite\mywebsite\settings.py changed, reloading.
Watching for file changes with StatReloader
Watching for file changes with StatReloader
C:\Projects\Python\mywebsite\mywebsite\settings.py changed, reloading.
Watching for file changes with StatReloader
Watching for file changes with StatReloader
Watching for file changes with StatReloader
Fetching all curiosities from database
User [2025-10-07T15:13:15.563585+00:00] AnonymousUser requested curiosties list from 127.0.0.1
Found 16 curiosities
Watching for file changes with StatReloader
Watching for file changes with StatReloader
Fetching all curiosities from database
User [2025-10-07T15:17:17.640876+00:00] AnonymousUser requested curiosties list from 127.0.0.1
Found 16 curiosities
Not Found: /favicon.ico
Watching for file changes with StatReloader
Not Found: /
Not Found: /favicon.ico
Fetching all curiosities from database
User [2025-10-08T08:16:08.478615+00:00] AnonymousUser requested curiosties list from 127.0.0.1
Found 16 curiosities
C:\Projects\Python\mywebsite\mywebsite\urls.py changed, reloading.
Watching for file changes with StatReloader
Not Found: /myapp/
Not Found: /
Not Found: /
C:\Projects\Python\mywebsite\mywebsite\urls.py changed, reloading.
Watching for file changes with StatReloader
Fetching all curiosities from database
User [2025-10-08T08:16:40.728683+00:00] AnonymousUser requested curiosties list from 127.0.0.1
Found 16 curiosities
C:\Projects\Python\mywebsite\mywebsite\urls.py changed, reloading.
Watching for file changes with StatReloader
Fetching all curiosities from database
User [2025-10-08T08:18:05.301016+00:00] AnonymousUser requested curiosties list from 127.0.0.1
Found 16 curiosities
Fetching a curiosity with id 2
User [2025-10-08T08:18:18.679248+00:00] AnonymousUser requested curiosity with id 2
Curiosity found: Karasie
